2018-05-04 15:45:44 - PHP Notice:  Undefined variable: text_information in C:\OpenServer\domains\opencart.loc\catalog\view\theme\apple\template\common\header.tpl on line 81
2018-05-04 15:45:44 - PHP Notice:  Undefined variable: informations in C:\OpenServer\domains\opencart.loc\catalog\view\theme\apple\template\common\header.tpl on line 86
2018-05-04 15:46:07 - PHP Notice:  Undefined variable: text_information in C:\OpenServer\domains\opencart.loc\catalog\view\theme\apple\template\common\header.tpl on line 81
2018-05-04 15:46:07 - PHP Notice:  Undefined variable: informations in C:\OpenServer\domains\opencart.loc\catalog\view\theme\apple\template\common\header.tpl on line 86
2018-05-04 15:46:50 - PHP Notice:  Undefined variable: text_information in C:\OpenServer\domains\opencart.loc\catalog\view\theme\apple\template\common\header.tpl on line 81
2018-05-04 15:46:50 - PHP Notice:  Undefined variable: informations in C:\OpenServer\domains\opencart.loc\catalog\view\theme\apple\template\common\header.tpl on line 86
2018-05-22 16:57:07 - PHP Notice:  Error: Could not load template C:/OpenServer/domains/opencart.loc/admin/view/template/extension/module/vantage.tpl! in C:\OpenServer\domains\opencart.loc\system\storage\modification\system\library\template\php.php on line 23
2018-05-22 17:03:16 - PHP Notice:  Error: Could not load template C:/OpenServer/domains/opencart.loc/catalog/view/theme/default/template/extension/module/vantage.tpl! in C:\OpenServer\domains\opencart.loc\system\storage\modification\system\library\template\php.php on line 23
2018-06-05 13:57:03 - PHP Notice:  Undefined variable: logo in C:\OpenServer\domains\opencart.loc\catalog\view\theme\apple\template\common\footer.tpl on line 54
2018-06-05 13:59:32 - PHP Notice:  Undefined variable: logo in C:\OpenServer\domains\opencart.loc\catalog\view\theme\apple\template\common\footer.tpl on line 54
2018-06-05 13:59:55 - PHP Notice:  Undefined variable: logo in C:\OpenServer\domains\opencart.loc\catalog\view\theme\apple\template\common\footer.tpl on line 54
2018-06-05 14:00:03 - PHP Notice:  Undefined variable: logo in C:\OpenServer\domains\opencart.loc\catalog\view\theme\apple\template\common\footer.tpl on line 54
2018-06-05 14:06:35 - PHP Notice:  Undefined variable: logo in C:\OpenServer\domains\opencart.loc\catalog\view\theme\apple\template\common\footer.tpl on line 54
2018-06-05 14:09:19 - PHP Notice:  Undefined variable: logo in C:\OpenServer\domains\opencart.loc\catalog\view\theme\apple\template\common\footer.tpl on line 54
2018-06-05 14:10:48 - PHP Notice:  Undefined variable: logo in C:\OpenServer\domains\opencart.loc\catalog\view\theme\apple\template\common\footer.tpl on line 54
2018-06-05 14:11:04 - PHP Notice:  Undefined variable: logo in C:\OpenServer\domains\opencart.loc\catalog\view\theme\apple\template\common\footer.tpl on line 54
2018-06-05 14:11:55 - PHP Notice:  Undefined variable: logo in C:\OpenServer\domains\opencart.loc\catalog\view\theme\apple\template\common\footer.tpl on line 54
2018-06-05 14:12:06 - PHP Notice:  Undefined variable: logo in C:\OpenServer\domains\opencart.loc\catalog\view\theme\apple\template\common\footer.tpl on line 54
2018-06-05 14:27:34 - PHP Notice:  Undefined variable: logo in C:\OpenServer\domains\opencart.loc\catalog\view\theme\apple\template\common\footer.tpl on line 54
2018-06-05 14:28:28 - PHP Notice:  Undefined variable: logo in C:\OpenServer\domains\opencart.loc\catalog\view\theme\apple\template\common\footer.tpl on line 54
2018-06-05 14:28:54 - PHP Notice:  Undefined variable: logo in C:\OpenServer\domains\opencart.loc\catalog\view\theme\apple\template\common\footer.tpl on line 54
2018-06-05 14:29:56 - PHP Notice:  Undefined variable: logo in C:\OpenServer\domains\opencart.loc\catalog\view\theme\apple\template\common\footer.tpl on line 54
2018-06-05 14:33:18 - PHP Notice:  Undefined variable: logo in C:\OpenServer\domains\opencart.loc\catalog\view\theme\apple\template\common\footer.tpl on line 54
2018-06-05 14:33:38 - PHP Notice:  Undefined variable: logo in C:\OpenServer\domains\opencart.loc\catalog\view\theme\apple\template\common\footer.tpl on line 54
2018-06-05 14:41:18 - PHP Notice:  Undefined variable: logo in C:\OpenServer\domains\opencart.loc\catalog\view\theme\apple\template\common\footer.tpl on line 54
2018-06-05 14:41:25 - PHP Notice:  Undefined variable: logo in C:\OpenServer\domains\opencart.loc\catalog\view\theme\apple\template\common\footer.tpl on line 54
2018-06-05 14:42:14 - PHP Notice:  Undefined variable: logo in C:\OpenServer\domains\opencart.loc\catalog\view\theme\apple\template\common\footer.tpl on line 54
2018-06-05 14:42:23 - PHP Notice:  Undefined variable: logo in C:\OpenServer\domains\opencart.loc\catalog\view\theme\apple\template\common\footer.tpl on line 54
2018-06-05 15:36:21 - PHP Notice:  Undefined variable: logo in C:\OpenServer\domains\opencart.loc\catalog\view\theme\apple\template\common\footer.tpl on line 54
2018-06-05 15:39:40 - PHP Notice:  Undefined variable: logo in C:\OpenServer\domains\opencart.loc\catalog\view\theme\apple\template\common\footer.tpl on line 54
2018-06-05 15:40:42 - PHP Notice:  Undefined variable: logo in C:\OpenServer\domains\opencart.loc\catalog\view\theme\apple\template\common\footer.tpl on line 54
2018-06-05 15:41:59 - PHP Notice:  Undefined variable: logo in C:\OpenServer\domains\opencart.loc\catalog\view\theme\apple\template\common\footer.tpl on line 54
2018-06-05 15:41:59 - PHP Notice:  Undefined variable: telephone in C:\OpenServer\domains\opencart.loc\catalog\view\theme\apple\template\common\footer.tpl on line 96
2018-06-05 15:42:09 - PHP Notice:  Undefined variable: logo in C:\OpenServer\domains\opencart.loc\catalog\view\theme\apple\template\common\footer.tpl on line 54
2018-06-05 15:42:09 - PHP Notice:  Undefined variable: telephone in C:\OpenServer\domains\opencart.loc\catalog\view\theme\apple\template\common\footer.tpl on line 96
2018-06-05 15:44:26 - PHP Notice:  Undefined variable: logo in C:\OpenServer\domains\opencart.loc\catalog\view\theme\apple\template\common\footer.tpl on line 54
2018-06-05 15:44:26 - PHP Notice:  Undefined variable: telephone in C:\OpenServer\domains\opencart.loc\catalog\view\theme\apple\template\common\footer.tpl on line 97
2018-06-05 15:44:43 - PHP Notice:  Undefined variable: logo in C:\OpenServer\domains\opencart.loc\catalog\view\theme\apple\template\common\footer.tpl on line 54
2018-06-05 15:44:43 - PHP Notice:  Undefined variable: telephone in C:\OpenServer\domains\opencart.loc\catalog\view\theme\apple\template\common\footer.tpl on line 96
2018-06-05 15:46:25 - PHP Notice:  Undefined variable: logo in C:\OpenServer\domains\opencart.loc\catalog\view\theme\apple\template\common\footer.tpl on line 54
2018-06-05 15:46:25 - PHP Notice:  Undefined variable: telephone in C:\OpenServer\domains\opencart.loc\catalog\view\theme\apple\template\common\footer.tpl on line 96
2018-06-05 16:36:01 - PHP Notice:  Undefined variable: logo in C:\OpenServer\domains\opencart.loc\catalog\view\theme\apple\template\common\footer.tpl on line 54
2018-06-05 16:36:01 - PHP Notice:  Undefined variable: telephone in C:\OpenServer\domains\opencart.loc\catalog\view\theme\apple\template\common\footer.tpl on line 96
2018-06-05 16:36:12 - PHP Notice:  Undefined variable: logo in C:\OpenServer\domains\opencart.loc\catalog\view\theme\apple\template\common\footer.tpl on line 54
2018-06-05 16:36:12 - PHP Notice:  Undefined variable: telephone in C:\OpenServer\domains\opencart.loc\catalog\view\theme\apple\template\common\footer.tpl on line 96
2018-06-05 16:36:36 - PHP Notice:  Undefined variable: logo in C:\OpenServer\domains\opencart.loc\catalog\view\theme\apple\template\common\footer.tpl on line 54
2018-06-05 16:36:36 - PHP Notice:  Undefined variable: telephone in C:\OpenServer\domains\opencart.loc\catalog\view\theme\apple\template\common\footer.tpl on line 96
